=== REEVAL 25 eps/task: 235/235 remaining (skip render/train) ===

######## [1/235] EVAL hazard_grav/navigate/1k/dqc@10000 ########
######## [1/235] EVAL-DONE hazard_grav/navigate/1k/dqc@10000 n=25 T=1 success=0.02±0.05 t1=0.12 t2=0.00 t3=0.00 t4=0.00 t5=0.00 seconds=43.1 ########

######## [2/235] EVAL hazard_grav/navigate/1k/dqc@20000 ########
######## [2/235] EVAL-DONE hazard_grav/navigate/1k/dqc@20000 n=25 T=1 success=0.01±0.02 t1=0.04 t2=0.00 t3=0.00 t4=0.00 t5=0.00 seconds=25.7 ########

######## [3/235] EVAL hazard_grav/navigate/1k/dqc@30000 ########
######## [3/235] EVAL-DONE hazard_grav/navigate/1k/dqc@30000 n=25 T=1 success=0.00±0.00 t1=0.00 t2=0.00 t3=0.00 t4=0.00 t5=0.00 seconds=17.4 ########

######## [4/235] EVAL hazard_grav/navigate/1k/dqc@40000 ########
######## [4/235] EVAL-DONE hazard_grav/navigate/1k/dqc@40000 n=25 T=1 success=0.01±0.02 t1=0.04 t2=0.00 t3=0.00 t4=0.00 t5=0.00 seconds=30.8 ########

######## [5/235] EVAL hazard_grav/navigate/1k/dqc@50000 ########
######## [5/235] EVAL-DONE hazard_grav/navigate/1k/dqc@50000 n=25 T=1 success=0.01±0.02 t1=0.00 t2=0.00 t3=0.00 t4=0.00 t5=0.04 seconds=9.5 ########

######## [6/235] EVAL hazard_grav/navigate/1k/hiql_gap0@10000 ########
######## [6/235] EVAL-DONE hazard_grav/navigate/1k/hiql_gap0@10000 n=25 T=0 success=0.00±0.00 t1=0.00 t2=0.00 t3=0.00 t4=0.00 t5=0.00 seconds=30.0 ########

######## [7/235] EVAL hazard_grav/navigate/1k/hiql_gap0@20000 ########
######## [7/235] EVAL-DONE hazard_grav/navigate/1k/hiql_gap0@20000 n=25 T=0 success=0.00±0.00 t1=0.00 t2=0.00 t3=0.00 t4=0.00 t5=0.00 seconds=22.6 ########

######## [8/235] EVAL hazard_grav/navigate/1k/hiql_gap0@30000 ########
######## [8/235] EVAL-DONE hazard_grav/navigate/1k/hiql_gap0@30000 n=25 T=0 success=0.00±0.00 t1=0.00 t2=0.00 t3=0.00 t4=0.00 t5=0.00 seconds=18.1 ########

######## [9/235] EVAL hazard_grav/navigate/1k/hiql_gap0@40000 ########
######## [9/235] EVAL-DONE hazard_grav/navigate/1k/hiql_gap0@40000 n=25 T=0 success=0.00±0.00 t1=0.00 t2=0.00 t3=0.00 t4=0.00 t5=0.00 seconds=11.3 ########

######## [10/235] EVAL hazard_grav/navigate/1k/hiql_gap0@50000 ########
######## [10/235] EVAL-DONE hazard_grav/navigate/1k/hiql_gap0@50000 n=25 T=0 success=0.00±0.00 t1=0.00 t2=0.00 t3=0.00 t4=0.00 t5=0.00 seconds=11.9 ########

######## [11/235] EVAL hazard_grav/navigate/1k/hiql_gap5@10000 ########
######## [11/235] EVAL-DONE hazard_grav/navigate/1k/hiql_gap5@10000 n=25 T=0 success=0.00±0.00 t1=0.00 t2=0.00 t3=0.00 t4=0.00 t5=0.00 seconds=13.1 ########

######## [12/235] EVAL hazard_grav/navigate/1k/hiql_gap5@20000 ########
######## [12/235] EVAL-DONE hazard_grav/navigate/1k/hiql_gap5@20000 n=25 T=0 success=0.00±0.00 t1=0.00 t2=0.00 t3=0.00 t4=0.00 t5=0.00 seconds=21.9 ########

######## [13/235] EVAL hazard_grav/navigate/1k/hiql_gap5@30000 ########
######## [13/235] EVAL-DONE hazard_grav/navigate/1k/hiql_gap5@30000 n=25 T=0 success=0.00±0.00 t1=0.00 t2=0.00 t3=0.00 t4=0.00 t5=0.00 seconds=10.1 ########

######## [14/235] EVAL hazard_grav/navigate/1k/hiql_gap5@40000 ########
######## [14/235] EVAL-DONE hazard_grav/navigate/1k/hiql_gap5@40000 n=25 T=0 success=0.00±0.00 t1=0.00 t2=0.00 t3=0.00 t4=0.00 t5=0.00 seconds=10.1 ########

######## [15/235] EVAL hazard_grav/navigate/1k/hiql_gap5@50000 ########
######## [15/235] EVAL-DONE hazard_grav/navigate/1k/hiql_gap5@50000 n=25 T=0 success=0.00±0.00 t1=0.00 t2=0.00 t3=0.00 t4=0.00 t5=0.00 seconds=9.6 ########

######## [16/235] EVAL hazard_grav/navigate/1k/pbf_gap0@10000 ########
######## [16/235] EVAL-DONE hazard_grav/navigate/1k/pbf_gap0@10000 n=25 T=1 success=0.18±0.20 t1=0.00 t2=0.16 t3=0.16 t4=0.00 t5=0.56 seconds=43.1 ########

######## [17/235] EVAL hazard_grav/navigate/1k/pbf_gap0@20000 ########
######## [17/235] EVAL-DONE hazard_grav/navigate/1k/pbf_gap0@20000 n=25 T=1 success=0.01±0.02 t1=0.00 t2=0.00 t3=0.04 t4=0.00 t5=0.00 seconds=48.5 ########

######## [18/235] EVAL hazard_grav/navigate/1k/pbf_gap0@30000 ########
######## [18/235] EVAL-DONE hazard_grav/navigate/1k/pbf_gap0@30000 n=25 T=1 success=0.10±0.11 t1=0.28 t2=0.00 t3=0.20 t4=0.00 t5=0.04 seconds=88.4 ########

######## [19/235] EVAL hazard_grav/navigate/1k/pbf_gap0@40000 ########
######## [19/235] EVAL-DONE hazard_grav/navigate/1k/pbf_gap0@40000 n=25 T=1 success=0.19±0.23 t1=0.04 t2=0.12 t3=0.64 t4=0.04 t5=0.12 seconds=70.9 ########

######## [20/235] EVAL hazard_grav/navigate/1k/pbf_gap0@50000 ########
######## [20/235] EVAL-DONE hazard_grav/navigate/1k/pbf_gap0@50000 n=25 T=1 success=0.10±0.17 t1=0.00 t2=0.04 t3=0.44 t4=0.00 t5=0.00 seconds=85.0 ########

######## [21/235] EVAL hazard_grav/navigate/1k/pbf_gap5@10000 ########
######## [21/235] EVAL-DONE hazard_grav/navigate/1k/pbf_gap5@10000 n=25 T=1 success=0.07±0.06 t1=0.12 t2=0.00 t3=0.12 t4=0.00 t5=0.12 seconds=57.0 ########

######## [22/235] EVAL hazard_grav/navigate/1k/pbf_gap5@20000 ########
######## [22/235] EVAL-DONE hazard_grav/navigate/1k/pbf_gap5@20000 n=25 T=1 success=0.22±0.25 t1=0.08 t2=0.44 t3=0.60 t4=0.00 t5=0.00 seconds=51.2 ########

######## [23/235] EVAL hazard_grav/navigate/1k/pbf_gap5@30000 ########
######## [23/235] EVAL-DONE hazard_grav/navigate/1k/pbf_gap5@30000 n=25 T=1 success=0.20±0.17 t1=0.24 t2=0.40 t3=0.36 t4=0.00 t5=0.00 seconds=67.4 ########

######## [24/235] EVAL hazard_grav/navigate/1k/pbf_gap5@40000 ########
######## [24/235] EVAL-DONE hazard_grav/navigate/1k/pbf_gap5@40000 n=25 T=1 success=0.07±0.11 t1=0.00 t2=0.04 t3=0.28 t4=0.04 t5=0.00 seconds=65.2 ########

######## [25/235] EVAL hazard_grav/navigate/1k/pbf_gap5@50000 ########
######## [25/235] EVAL-DONE hazard_grav/navigate/1k/pbf_gap5@50000 n=25 T=1 success=0.10±0.09 t1=0.20 t2=0.04 t3=0.20 t4=0.04 t5=0.00 seconds=76.9 ########

######## [26/235] EVAL hazard_grav/navigate/1k/pbg_gap0@10000 ########
######## [26/235] EVAL-DONE hazard_grav/navigate/1k/pbg_gap0@10000 n=25 T=1 success=0.20±0.40 t1=0.00 t2=0.00 t3=1.00 t4=0.00 t5=0.00 seconds=27.7 ########

######## [27/235] EVAL hazard_grav/navigate/1k/pbg_gap0@20000 ########
######## [27/235] EVAL-DONE hazard_grav/navigate/1k/pbg_gap0@20000 n=25 T=1 success=0.40±0.49 t1=0.00 t2=0.00 t3=1.00 t4=0.00 t5=1.00 seconds=27.4 ########

######## [28/235] EVAL hazard_grav/navigate/1k/pbg_gap0@30000 ########
######## [28/235] EVAL-DONE hazard_grav/navigate/1k/pbg_gap0@30000 n=25 T=1 success=0.20±0.40 t1=0.00 t2=0.00 t3=1.00 t4=0.00 t5=0.00 seconds=11.5 ########

######## [29/235] EVAL hazard_grav/navigate/1k/pbg_gap0@40000 ########
######## [29/235] EVAL-DONE hazard_grav/navigate/1k/pbg_gap0@40000 n=25 T=1 success=0.40±0.49 t1=0.00 t2=0.00 t3=1.00 t4=0.00 t5=1.00 seconds=16.2 ########

######## [30/235] EVAL hazard_grav/navigate/1k/pbg_gap0@50000 ########
######## [30/235] EVAL-DONE hazard_grav/navigate/1k/pbg_gap0@50000 n=25 T=1 success=0.00±0.00 t1=0.00 t2=0.00 t3=0.00 t4=0.00 t5=0.00 seconds=12.0 ########

######## [31/235] EVAL hazard_grav/navigate/1k/pbg_gap5@10000 ########
######## [31/235] EVAL-DONE hazard_grav/navigate/1k/pbg_gap5@10000 n=25 T=1 success=0.20±0.40 t1=0.00 t2=0.00 t3=1.00 t4=0.00 t5=0.00 seconds=25.6 ########

######## [32/235] EVAL hazard_grav/navigate/1k/pbg_gap5@20000 ########
######## [32/235] EVAL-DONE hazard_grav/navigate/1k/pbg_gap5@20000 n=25 T=1 success=0.20±0.40 t1=0.00 t2=0.00 t3=1.00 t4=0.00 t5=0.00 seconds=31.1 ########

######## [33/235] EVAL hazard_grav/navigate/1k/pbg_gap5@30000 ########
######## [33/235] EVAL-DONE hazard_grav/navigate/1k/pbg_gap5@30000 n=25 T=1 success=0.40±0.49 t1=1.00 t2=0.00 t3=0.00 t4=0.00 t5=1.00 seconds=9.5 ########

######## [34/235] EVAL hazard_grav/navigate/1k/pbg_gap5@40000 ########
######## [34/235] EVAL-DONE hazard_grav/navigate/1k/pbg_gap5@40000 n=25 T=1 success=0.40±0.49 t1=1.00 t2=0.00 t3=0.00 t4=0.00 t5=1.00 seconds=11.7 ########

######## [35/235] EVAL hazard_grav/navigate/1k/pbg_gap5@50000 ########
=== REEVAL 25 eps/task: 201/235 remaining (skip done + render/train; curve per set) ===

######## [1/201] EVAL hazard_grav/navigate/1k/pbg_gap5@50000 ########
######## [1/201] EVAL-DONE hazard_grav/navigate/1k/pbg_gap5@50000 n=25 T=1 success=0.20±0.40 t1=1.00 t2=0.00 t3=0.00 t4=0.00 t5=0.00 seconds=19.7 ########

######## [2/201] EVAL hazard_grav/navigate/1k/tr_hiql_gap0@10000 ########
######## [2/201] EVAL-DONE hazard_grav/navigate/1k/tr_hiql_gap0@10000 n=25 T=0 success=0.00±0.00 t1=0.00 t2=0.00 t3=0.00 t4=0.00 t5=0.00 seconds=20.4 ########

######## [3/201] EVAL hazard_grav/navigate/1k/tr_hiql_gap0@20000 ########
######## [3/201] EVAL-DONE hazard_grav/navigate/1k/tr_hiql_gap0@20000 n=25 T=0 success=0.00±0.00 t1=0.00 t2=0.00 t3=0.00 t4=0.00 t5=0.00 seconds=27.9 ########

######## [4/201] EVAL hazard_grav/navigate/1k/tr_hiql_gap0@30000 ########
######## [4/201] EVAL-DONE hazard_grav/navigate/1k/tr_hiql_gap0@30000 n=25 T=0 success=0.00±0.00 t1=0.00 t2=0.00 t3=0.00 t4=0.00 t5=0.00 seconds=36.1 ########

######## [5/201] EVAL hazard_grav/navigate/1k/tr_hiql_gap0@40000 ########
######## [5/201] EVAL-DONE hazard_grav/navigate/1k/tr_hiql_gap0@40000 n=25 T=0 success=0.00±0.00 t1=0.00 t2=0.00 t3=0.00 t4=0.00 t5=0.00 seconds=36.4 ########

######## [6/201] EVAL hazard_grav/navigate/1k/tr_hiql_gap0@50000 ########
######## [6/201] EVAL-DONE hazard_grav/navigate/1k/tr_hiql_gap0@50000 n=25 T=0 success=0.00±0.00 t1=0.00 t2=0.00 t3=0.00 t4=0.00 t5=0.00 seconds=39.4 ########

######## [7/201] EVAL hazard_grav/navigate/1k/tr_hiql_gap5@10000 ########
######## [7/201] EVAL-DONE hazard_grav/navigate/1k/tr_hiql_gap5@10000 n=25 T=0 success=0.00±0.00 t1=0.00 t2=0.00 t3=0.00 t4=0.00 t5=0.00 seconds=18.6 ########

######## [8/201] EVAL hazard_grav/navigate/1k/tr_hiql_gap5@20000 ########
######## [8/201] EVAL-DONE hazard_grav/navigate/1k/tr_hiql_gap5@20000 n=25 T=0 success=0.00±0.00 t1=0.00 t2=0.00 t3=0.00 t4=0.00 t5=0.00 seconds=36.8 ########

######## [9/201] EVAL hazard_grav/navigate/1k/tr_hiql_gap5@30000 ########
######## [9/201] EVAL-DONE hazard_grav/navigate/1k/tr_hiql_gap5@30000 n=25 T=0 success=0.00±0.00 t1=0.00 t2=0.00 t3=0.00 t4=0.00 t5=0.00 seconds=40.6 ########

######## [10/201] EVAL hazard_grav/navigate/1k/tr_hiql_gap5@40000 ########
######## [10/201] EVAL-DONE hazard_grav/navigate/1k/tr_hiql_gap5@40000 n=25 T=0 success=0.00±0.00 t1=0.00 t2=0.00 t3=0.00 t4=0.00 t5=0.00 seconds=29.9 ########

######## [11/201] EVAL hazard_grav/navigate/1k/tr_hiql_gap5@50000 ########
######## [11/201] EVAL-DONE hazard_grav/navigate/1k/tr_hiql_gap5@50000 n=25 T=0 success=0.00±0.00 t1=0.00 t2=0.00 t3=0.00 t4=0.00 t5=0.00 seconds=40.9 ########

######## [12/201] EVAL hazard_grav/navigate/1k/trl@10000 ########
######## [12/201] EVAL-DONE hazard_grav/navigate/1k/trl@10000 n=25 T=1 success=0.00±0.00 t1=0.00 t2=0.00 t3=0.00 t4=0.00 t5=0.00 seconds=50.1 ########

######## [13/201] EVAL hazard_grav/navigate/1k/trl@20000 ########
######## [13/201] EVAL-DONE hazard_grav/navigate/1k/trl@20000 n=25 T=1 success=0.00±0.00 t1=0.00 t2=0.00 t3=0.00 t4=0.00 t5=0.00 seconds=36.7 ########

######## [14/201] EVAL hazard_grav/navigate/1k/trl@30000 ########
######## [14/201] EVAL-DONE hazard_grav/navigate/1k/trl@30000 n=25 T=1 success=0.00±0.00 t1=0.00 t2=0.00 t3=0.00 t4=0.00 t5=0.00 seconds=42.2 ########

######## [15/201] EVAL hazard_grav/navigate/1k/trl@40000 ########
######## [15/201] EVAL-DONE hazard_grav/navigate/1k/trl@40000 n=25 T=1 success=0.00±0.00 t1=0.00 t2=0.00 t3=0.00 t4=0.00 t5=0.00 seconds=49.5 ########

######## [16/201] EVAL hazard_grav/navigate/1k/trl@50000 ########
######## [16/201] EVAL-DONE hazard_grav/navigate/1k/trl@50000 n=25 T=1 success=0.00±0.00 t1=0.00 t2=0.00 t3=0.00 t4=0.00 t5=0.00 seconds=38.7 ########
######## LEARNING-CURVE hazard_grav/navigate/1k /home/svcho/toy_examples/hazard_env/plots/learning_curves/hazard_grav_navigate_1k.png ########

######## [17/201] EVAL hazard_grav/noisy/1k/hiql_gap0@10000 ########
######## [17/201] EVAL-DONE hazard_grav/noisy/1k/hiql_gap0@10000 n=25 T=0 success=0.00±0.00 t1=0.00 t2=0.00 t3=0.00 t4=0.00 t5=0.00 seconds=22.4 ########

######## [18/201] EVAL hazard_grav/noisy/1k/hiql_gap0@20000 ########
######## [18/201] EVAL-DONE hazard_grav/noisy/1k/hiql_gap0@20000 n=25 T=0 success=0.00±0.00 t1=0.00 t2=0.00 t3=0.00 t4=0.00 t5=0.00 seconds=9.2 ########

######## [19/201] EVAL hazard_grav/noisy/1k/hiql_gap0@30000 ########
######## [19/201] EVAL-DONE hazard_grav/noisy/1k/hiql_gap0@30000 n=25 T=0 success=0.00±0.00 t1=0.00 t2=0.00 t3=0.00 t4=0.00 t5=0.00 seconds=6.7 ########

######## [20/201] EVAL hazard_grav/noisy/1k/hiql_gap0@40000 ########
######## [20/201] EVAL-DONE hazard_grav/noisy/1k/hiql_gap0@40000 n=25 T=0 success=0.00±0.00 t1=0.00 t2=0.00 t3=0.00 t4=0.00 t5=0.00 seconds=6.9 ########

######## [21/201] EVAL hazard_grav/noisy/1k/hiql_gap0@50000 ########
######## [21/201] EVAL-DONE hazard_grav/noisy/1k/hiql_gap0@50000 n=25 T=0 success=0.00±0.00 t1=0.00 t2=0.00 t3=0.00 t4=0.00 t5=0.00 seconds=18.2 ########

######## [22/201] EVAL hazard_grav/noisy/1k/hiql_gap5@10000 ########
######## [22/201] EVAL-DONE hazard_grav/noisy/1k/hiql_gap5@10000 n=25 T=0 success=0.00±0.00 t1=0.00 t2=0.00 t3=0.00 t4=0.00 t5=0.00 seconds=8.8 ########

######## [23/201] EVAL hazard_grav/noisy/1k/hiql_gap5@20000 ########
######## [23/201] EVAL-DONE hazard_grav/noisy/1k/hiql_gap5@20000 n=25 T=0 success=0.00±0.00 t1=0.00 t2=0.00 t3=0.00 t4=0.00 t5=0.00 seconds=24.7 ########

######## [24/201] EVAL hazard_grav/noisy/1k/hiql_gap5@30000 ########
######## [24/201] EVAL-DONE hazard_grav/noisy/1k/hiql_gap5@30000 n=25 T=0 success=0.00±0.00 t1=0.00 t2=0.00 t3=0.00 t4=0.00 t5=0.00 seconds=24.7 ########

######## [25/201] EVAL hazard_grav/noisy/1k/hiql_gap5@40000 ########
######## [25/201] EVAL-DONE hazard_grav/noisy/1k/hiql_gap5@40000 n=25 T=0 success=0.00±0.00 t1=0.00 t2=0.00 t3=0.00 t4=0.00 t5=0.00 seconds=32.2 ########

######## [26/201] EVAL hazard_grav/noisy/1k/hiql_gap5@50000 ########
